<?xml version="1.0" encoding="UTF-8"?>
<testng-results ignored="0" total="1" passed="1" failed="0" skipped="0">
  <reporter-output>
  </reporter-output>
  <suite started-at="2024-09-03T12:16:33 IST" name="Default suite" finished-at="2024-09-03T12:16:56 IST" duration-ms="22940">
    <groups>
    </groups>
    <test started-at="2024-09-03T12:16:33 IST" name="Default test" finished-at="2024-09-03T12:16:56 IST" duration-ms="22940">
      <class name="Testng_Login.POM_MainPage">
        <test-method is-config="true" signature="login()[pri:0, instance:Testng_Login.POM_MainPage@c2db68f]" started-at="2024-09-03T12:16:33 IST" name="login" finished-at="2024-09-03T12:16:41 IST" duration-ms="7910" status="PASS">
          <reporter-output>
          </reporter-output>
        </test-method> <!-- login -->
        <test-method signature="Event()[pri:0, instance:Testng_Login.POM_MainPage@c2db68f]" started-at="2024-09-03T12:16:41 IST" name="Event" finished-at="2024-09-03T12:16:55 IST" duration-ms="13845" status="PASS">
          <reporter-output>
          </reporter-output>
        </test-method> <!-- Event -->
        <test-method is-config="true" signature="logout()[pri:0, instance:Testng_Login.POM_MainPage@c2db68f]" started-at="2024-09-03T12:16:55 IST" name="logout" finished-at="2024-09-03T12:16:56 IST" duration-ms="1046" status="PASS">
          <reporter-output>
          </reporter-output>
        </test-method> <!-- logout -->
      </class> <!-- Testng_Login.POM_MainPage -->
    </test> <!-- Default test -->
  </suite> <!-- Default suite -->
</testng-results>
